2025-07-25 13:52:27.452Z Clé registre critique modifiée : hku\s-1-5-21-1349940229-2857808021-1114501214-1000\software\microsoft\windows\currentversion\run\watchdogauto
2025-07-25 13:52:27.452Z [⚠️] Valeur suspecte détectée : c:\users\mehdi\appdata\roaming\microsoft\windows\themes\watchdog.vbs
2025-07-25 13:52:27.452Z [✔] Valeur supprimée du registre : watchdogauto
2025-07-25 13:52:27.452Z [DEBUG] Vérification légitimité : name=python3.11.exe, user=windows10\mehdi, exe=c:\program files\windowsapps\pythonsoftwarefoundation.python.3.11_3.11.2544.0_x64__qbz5n2kfra8p0\python3.11.exe
2025-07-25 13:52:27.452Z [DEBUG] Processus python3.11.exe considéré NON légitime
2025-07-25 13:52:27.468Z [🔪] Processus suspect tué : python3.11.exe (PID: 6132)
2025-07-25 13:52:27.468Z Clé registre critique modifiée : hku\s-1-5-21-1349940229-2857808021-1114501214-1000\software\microsoft\windows\currentversion\run\watchdogauto
2025-07-25 13:52:27.468Z [⚠️] Valeur suspecte détectée : c:\users\mehdi\appdata\roaming\microsoft\windows\themes\watchdog.vbs
2025-07-25 13:52:27.468Z [!] Erreur suppression registre : [WinError 2] Le fichier spécifié est introuvable
2025-07-25 13:52:27.488Z [!] Impossible d'accéder au processus 6132 : process PID not found (pid=6132)
2025-07-25 13:52:28.491Z Clé registre critique modifiée : hku\s-1-5-21-1349940229-2857808021-1114501214-1000\software\microsoft\windows\currentversion\run\watchdogauto
2025-07-25 13:52:28.491Z [⚠️] Valeur suspecte détectée : c:\users\mehdi\appdata\roaming\microsoft\windows\themes\watchdog.vbs
2025-07-25 13:52:28.511Z [!] Erreur suppression registre : [WinError 2] Le fichier spécifié est introuvable
2025-07-25 13:52:28.511Z [!] Impossible d'accéder au processus 6132 : process PID not found (pid=6132)
2025-07-25 13:52:28.511Z Clé registre critique modifiée : hku\s-1-5-21-1349940229-2857808021-1114501214-1000\software\microsoft\windows\currentversion\run\watchdogauto
2025-07-25 13:52:45.563Z Clé registre critique modifiée : hku\s-1-5-21-1349940229-2857808021-1114501214-1000\software\microsoft\windows\currentversion\run\watchdogauto
2025-07-25 13:52:45.563Z [⚠️] Valeur suspecte détectée : c:\users\mehdi\appdata\roaming\microsoft\windows\themes\watchdog.vbs
2025-07-25 13:52:45.563Z [✔] Valeur supprimée du registre : watchdogauto
2025-07-25 13:52:45.563Z [DEBUG] Vérification légitimité : name=python3.11.exe, user=windows10\mehdi, exe=c:\program files\windowsapps\pythonsoftwarefoundation.python.3.11_3.11.2544.0_x64__qbz5n2kfra8p0\python3.11.exe
2025-07-25 13:52:45.563Z [DEBUG] Processus python3.11.exe considéré NON légitime
2025-07-25 13:52:45.563Z [🔪] Processus suspect tué : python3.11.exe (PID: 1152)
2025-07-25 13:52:45.563Z Clé registre critique modifiée : hku\s-1-5-21-1349940229-2857808021-1114501214-1000\software\microsoft\windows\currentversion\run\watchdogauto
2025-07-25 13:52:45.579Z [⚠️] Valeur suspecte détectée : c:\users\mehdi\appdata\roaming\microsoft\windows\themes\watchdog.vbs
2025-07-25 13:52:45.579Z [!] Erreur suppression registre : [WinError 2] Le fichier spécifié est introuvable
2025-07-25 13:52:45.579Z [!] Impossible d'accéder au processus 1152 : process PID not found (pid=1152)
2025-07-25 13:52:46.597Z Clé registre critique modifiée : hku\s-1-5-21-1349940229-2857808021-1114501214-1000\software\microsoft\windows\currentversion\run\watchdogauto
2025-07-25 13:52:46.597Z [⚠️] Valeur suspecte détectée : c:\users\mehdi\appdata\roaming\microsoft\windows\themes\watchdog.vbs
2025-07-25 13:52:46.597Z [!] Erreur suppression registre : [WinError 2] Le fichier spécifié est introuvable
2025-07-25 13:52:46.597Z [!] Impossible d'accéder au processus 1152 : process PID not found (pid=1152)
2025-07-25 13:52:46.597Z Clé registre critique modifiée : hku\s-1-5-21-1349940229-2857808021-1114501214-1000\software\microsoft\windows\currentversion\run\watchdogauto
2025-07-25 13:53:09.534Z Clé registre critique modifiée : hku\s-1-5-21-1349940229-2857808021-1114501214-1000\software\microsoft\windows\currentversion\run
2025-07-25 13:54:46.058Z [DEBUG] Vérification légitimité : name=wscript.exe, user=windows10\mehdi, exe=c:\windows\system32\wscript.exe
2025-07-25 13:54:46.058Z [DEBUG] Processus wscript.exe considéré NON légitime
2025-07-25 13:54:46.058Z [INFO] kill_process_tree appelé pour PID 8148 (wscript.exe)
2025-07-25 13:54:46.187Z [ERROR] Erreur taskkill enfant PID 1696 : process no longer exists (pid=1696)
2025-07-25 13:54:46.261Z [ERROR] Erreur taskkill enfant PID 7528 : process no longer exists (pid=7528)
2025-07-25 13:54:46.371Z [🔪] Force kill parent PID 5128
2025-07-25 13:54:46.371Z Clé registre critique modifiée : hku\s-1-5-21-1349940229-2857808021-1114501214-1000\software\microsoft\windows\currentversion\run\watchdogauto
2025-07-25 13:54:46.371Z [⚠️] Valeur suspecte détectée : c:\users\mehdi\appdata\roaming\microsoft\windows\themes\watchdog.vbs
2025-07-25 13:54:46.371Z [✔] Valeur supprimée du registre : watchdogauto
2025-07-25 13:54:46.386Z [DEBUG] Vérification légitimité : name=python3.11.exe, user=windows10\mehdi, exe=c:\program files\windowsapps\pythonsoftwarefoundation.python.3.11_3.11.2544.0_x64__qbz5n2kfra8p0\python3.11.exe
2025-07-25 13:54:46.386Z [DEBUG] Processus python3.11.exe considéré NON légitime
2025-07-25 13:54:46.386Z [🔪] Processus suspect tué : python3.11.exe (PID: 5128)
2025-07-25 13:54:47.409Z Clé registre critique modifiée : hku\s-1-5-21-1349940229-2857808021-1114501214-1000\software\microsoft\windows\currentversion\run\watchdogauto
2025-07-25 13:58:14.436Z Clé registre critique modifiée : hku\s-1-5-21-1349940229-2857808021-1114501214-1000\software\microsoft\windows\currentversion\run
2025-07-25 13:58:14.436Z Clé registre critique modifiée : hku\s-1-5-21-1349940229-2857808021-1114501214-1000\software\microsoft\windows\currentversion\run\microsoftedgeautolaunch_210a883b8d48eb3d375dabca4a9010a2
2025-07-25 14:04:14.819Z Clé registre critique modifiée : hku\s-1-5-21-1349940229-2857808021-1114501214-1000\software\microsoft\windows\currentversion\run\watchdogauto
2025-07-25 14:04:14.821Z [⚠️] Valeur suspecte détectée : c:\users\mehdi\appdata\roaming\microsoft\windows\themes\watchdog.vbs
2025-07-25 14:04:14.829Z [!] Erreur suppression registre : [WinError 2] Le fichier spécifié est introuvable
2025-07-25 14:04:14.830Z [!] Impossible d'accéder au processus 6132 : process PID not found (pid=6132)
2025-07-25 14:04:14.830Z Clé registre critique modifiée : hku\s-1-5-21-1349940229-2857808021-1114501214-1000\software\microsoft\windows\currentversion\run\watchdogauto
2025-07-25 14:04:14.830Z [⚠️] Valeur suspecte détectée : c:\users\mehdi\appdata\roaming\microsoft\windows\themes\watchdog.vbs
2025-07-25 14:04:14.836Z [!] Erreur suppression registre : [WinError 2] Le fichier spécifié est introuvable
2025-07-25 14:04:14.837Z [!] Impossible d'accéder au processus 6132 : process PID not found (pid=6132)
2025-07-25 14:04:14.839Z Clé registre critique modifiée : hku\s-1-5-21-1349940229-2857808021-1114501214-1000\software\microsoft\windows\currentversion\run\watchdogauto
2025-07-25 14:04:14.844Z [⚠️] Valeur suspecte détectée : c:\users\mehdi\appdata\roaming\microsoft\windows\themes\watchdog.vbs
2025-07-25 14:04:14.844Z [!] Erreur suppression registre : [WinError 2] Le fichier spécifié est introuvable
2025-07-25 14:04:14.844Z [!] Impossible d'accéder au processus 6132 : process PID not found (pid=6132)
2025-07-25 14:04:14.844Z Clé registre critique modifiée : hku\s-1-5-21-1349940229-2857808021-1114501214-1000\software\microsoft\windows\currentversion\run\watchdogauto
2025-07-25 14:04:14.844Z [⚠️] Valeur suspecte détectée : c:\users\mehdi\appdata\roaming\microsoft\windows\themes\watchdog.vbs
2025-07-25 14:04:14.844Z [!] Erreur suppression registre : [WinError 2] Le fichier spécifié est introuvable
2025-07-25 14:04:14.844Z [!] Impossible d'accéder au processus 6132 : process PID not found (pid=6132)
2025-07-25 14:04:14.844Z Clé registre critique modifiée : hku\s-1-5-21-1349940229-2857808021-1114501214-1000\software\microsoft\windows\currentversion\run\watchdogauto
2025-07-25 14:04:14.860Z Clé registre critique modifiée : hku\s-1-5-21-1349940229-2857808021-1114501214-1000\software\microsoft\windows\currentversion\run\watchdogauto
2025-07-25 14:04:14.860Z [⚠️] Valeur suspecte détectée : c:\users\mehdi\appdata\roaming\microsoft\windows\themes\watchdog.vbs
2025-07-25 14:04:14.860Z [!] Erreur suppression registre : [WinError 2] Le fichier spécifié est introuvable
2025-07-25 14:04:14.860Z [!] Impossible d'accéder au processus 1152 : process PID not found (pid=1152)
2025-07-25 14:04:14.860Z Clé registre critique modifiée : hku\s-1-5-21-1349940229-2857808021-1114501214-1000\software\microsoft\windows\currentversion\run\watchdogauto
2025-07-25 14:04:14.860Z [⚠️] Valeur suspecte détectée : c:\users\mehdi\appdata\roaming\microsoft\windows\themes\watchdog.vbs
2025-07-25 14:04:14.860Z [!] Erreur suppression registre : [WinError 2] Le fichier spécifié est introuvable
2025-07-25 14:04:14.878Z [!] Impossible d'accéder au processus 1152 : process PID not found (pid=1152)
2025-07-25 14:04:14.878Z Clé registre critique modifiée : hku\s-1-5-21-1349940229-2857808021-1114501214-1000\software\microsoft\windows\currentversion\run\watchdogauto
2025-07-25 14:04:14.878Z [⚠️] Valeur suspecte détectée : c:\users\mehdi\appdata\roaming\microsoft\windows\themes\watchdog.vbs
2025-07-25 14:04:14.891Z [!] Erreur suppression registre : [WinError 2] Le fichier spécifié est introuvable
2025-07-25 14:04:14.891Z [!] Impossible d'accéder au processus 1152 : process PID not found (pid=1152)
2025-07-25 14:04:14.891Z Clé registre critique modifiée : hku\s-1-5-21-1349940229-2857808021-1114501214-1000\software\microsoft\windows\currentversion\run\watchdogauto
2025-07-25 14:04:14.922Z Clé registre critique modifiée : hku\s-1-5-21-1349940229-2857808021-1114501214-1000\software\microsoft\windows\currentversion\run
2025-07-25 14:04:15.188Z [DEBUG] Vérification légitimité : name=msedge.exe, user=windows10\mehdi, exe=c:\program files (x86)\microsoft\edge\application\msedge.exe
2025-07-25 14:04:15.188Z [DEBUG] Processus msedge.exe considéré NON légitime
2025-07-25 14:04:15.188Z [INFO] kill_process_tree appelé pour PID 8148 (msedge.exe)
2025-07-25 14:04:15.422Z [🔪] Force kill parent PID 6312
2025-07-25 14:04:15.422Z Clé registre critique modifiée : hku\s-1-5-21-1349940229-2857808021-1114501214-1000\software\microsoft\windows\currentversion\run\watchdogauto
2025-07-25 14:04:15.422Z [⚠️] Valeur suspecte détectée : c:\users\mehdi\appdata\roaming\microsoft\windows\themes\watchdog.vbs
2025-07-25 14:04:15.438Z [!] Erreur suppression registre : [WinError 2] Le fichier spécifié est introuvable
2025-07-25 14:04:15.438Z [!] Impossible d'accéder au processus 5128 : process PID not found (pid=5128)
2025-07-25 14:04:15.453Z Clé registre critique modifiée : hku\s-1-5-21-1349940229-2857808021-1114501214-1000\software\microsoft\windows\currentversion\run\watchdogauto
2025-07-25 14:04:16.095Z Clé registre critique modifiée : hku\s-1-5-21-1349940229-2857808021-1114501214-1000\software\microsoft\windows\currentversion\run
2025-07-25 14:04:16.098Z Clé registre critique modifiée : hku\s-1-5-21-1349940229-2857808021-1114501214-1000\software\microsoft\windows\currentversion\run\microsoftedgeautolaunch_210a883b8d48eb3d375dabca4a9010a2
2025-07-25 14:08:12.356Z Clé registre critique modifiée : hku\s-1-5-21-1349940229-2857808021-1114501214-1000\software\microsoft\windows\currentversion\run
2025-07-25 14:08:12.360Z Clé registre critique modifiée : hku\s-1-5-21-1349940229-2857808021-1114501214-1000\software\microsoft\windows\currentversion\run\microsoftedgeautolaunch_210a883b8d48eb3d375dabca4a9010a2
2025-07-25 14:09:06.682Z Clé registre critique modifiée : hku\s-1-5-21-1349940229-2857808021-1114501214-1000\software\microsoft\windows\currentversion\run\watchdogauto
2025-07-25 14:09:06.683Z [⚠️] Valeur suspecte détectée : c:\users\mehdi\appdata\roaming\microsoft\windows\themes\watchdog.vbs
2025-07-25 14:09:06.685Z [!] Erreur suppression registre : [WinError 2] Le fichier spécifié est introuvable
2025-07-25 14:09:06.686Z [!] Impossible d'accéder au processus 6132 : process PID not found (pid=6132)
2025-07-25 14:09:06.691Z Clé registre critique modifiée : hku\s-1-5-21-1349940229-2857808021-1114501214-1000\software\microsoft\windows\currentversion\run\watchdogauto
2025-07-25 14:09:06.693Z [⚠️] Valeur suspecte détectée : c:\users\mehdi\appdata\roaming\microsoft\windows\themes\watchdog.vbs
2025-07-25 14:09:06.694Z [!] Erreur suppression registre : [WinError 2] Le fichier spécifié est introuvable
2025-07-25 14:09:06.695Z [!] Impossible d'accéder au processus 6132 : process PID not found (pid=6132)
2025-07-25 14:09:06.697Z Clé registre critique modifiée : hku\s-1-5-21-1349940229-2857808021-1114501214-1000\software\microsoft\windows\currentversion\run\watchdogauto
2025-07-25 14:09:06.698Z [⚠️] Valeur suspecte détectée : c:\users\mehdi\appdata\roaming\microsoft\windows\themes\watchdog.vbs
2025-07-25 14:09:06.700Z [!] Erreur suppression registre : [WinError 2] Le fichier spécifié est introuvable
2025-07-25 14:09:06.701Z [!] Impossible d'accéder au processus 6132 : process PID not found (pid=6132)
2025-07-25 14:09:06.707Z Clé registre critique modifiée : hku\s-1-5-21-1349940229-2857808021-1114501214-1000\software\microsoft\windows\currentversion\run\watchdogauto
2025-07-25 14:09:06.710Z [⚠️] Valeur suspecte détectée : c:\users\mehdi\appdata\roaming\microsoft\windows\themes\watchdog.vbs
2025-07-25 14:09:06.711Z [!] Erreur suppression registre : [WinError 2] Le fichier spécifié est introuvable
2025-07-25 14:09:06.712Z [!] Impossible d'accéder au processus 6132 : process PID not found (pid=6132)
2025-07-25 14:09:06.714Z Clé registre critique modifiée : hku\s-1-5-21-1349940229-2857808021-1114501214-1000\software\microsoft\windows\currentversion\run\watchdogauto
2025-07-25 14:09:06.727Z Clé registre critique modifiée : hku\s-1-5-21-1349940229-2857808021-1114501214-1000\software\microsoft\windows\currentversion\run\watchdogauto
2025-07-25 14:09:06.728Z [⚠️] Valeur suspecte détectée : c:\users\mehdi\appdata\roaming\microsoft\windows\themes\watchdog.vbs
2025-07-25 14:09:06.729Z [!] Erreur suppression registre : [WinError 2] Le fichier spécifié est introuvable
2025-07-25 14:09:06.730Z [!] Impossible d'accéder au processus 1152 : process PID not found (pid=1152)
2025-07-25 14:09:06.732Z Clé registre critique modifiée : hku\s-1-5-21-1349940229-2857808021-1114501214-1000\software\microsoft\windows\currentversion\run\watchdogauto
2025-07-25 14:09:06.733Z [⚠️] Valeur suspecte détectée : c:\users\mehdi\appdata\roaming\microsoft\windows\themes\watchdog.vbs
2025-07-25 14:09:06.739Z [!] Erreur suppression registre : [WinError 2] Le fichier spécifié est introuvable
2025-07-25 14:09:06.741Z [!] Impossible d'accéder au processus 1152 : process PID not found (pid=1152)
2025-07-25 14:09:06.742Z Clé registre critique modifiée : hku\s-1-5-21-1349940229-2857808021-1114501214-1000\software\microsoft\windows\currentversion\run\watchdogauto
2025-07-25 14:09:06.744Z [⚠️] Valeur suspecte détectée : c:\users\mehdi\appdata\roaming\microsoft\windows\themes\watchdog.vbs
2025-07-25 14:09:06.745Z [!] Erreur suppression registre : [WinError 2] Le fichier spécifié est introuvable
2025-07-25 14:09:06.746Z [!] Impossible d'accéder au processus 1152 : process PID not found (pid=1152)
2025-07-25 14:09:06.749Z Clé registre critique modifiée : hku\s-1-5-21-1349940229-2857808021-1114501214-1000\software\microsoft\windows\currentversion\run\watchdogauto
2025-07-25 14:09:06.775Z Clé registre critique modifiée : hku\s-1-5-21-1349940229-2857808021-1114501214-1000\software\microsoft\windows\currentversion\run
2025-07-25 14:09:07.062Z Clé registre critique modifiée : hku\s-1-5-21-1349940229-2857808021-1114501214-1000\software\microsoft\windows\currentversion\run\watchdogauto
2025-07-25 14:09:07.062Z [⚠️] Valeur suspecte détectée : c:\users\mehdi\appdata\roaming\microsoft\windows\themes\watchdog.vbs
2025-07-25 14:09:07.062Z [!] Erreur suppression registre : [WinError 2] Le fichier spécifié est introuvable
2025-07-25 14:09:07.062Z [!] Impossible d'accéder au processus 5128 : process PID not found (pid=5128)
2025-07-25 14:09:07.078Z Clé registre critique modifiée : hku\s-1-5-21-1349940229-2857808021-1114501214-1000\software\microsoft\windows\currentversion\run\watchdogauto
2025-07-25 14:09:07.468Z Clé registre critique modifiée : hku\s-1-5-21-1349940229-2857808021-1114501214-1000\software\microsoft\windows\currentversion\run
2025-07-25 14:09:07.468Z Clé registre critique modifiée : hku\s-1-5-21-1349940229-2857808021-1114501214-1000\software\microsoft\windows\currentversion\run\microsoftedgeautolaunch_210a883b8d48eb3d375dabca4a9010a2
2025-07-25 14:09:07.750Z Clé registre critique modifiée : hku\s-1-5-21-1349940229-2857808021-1114501214-1000\software\microsoft\windows\currentversion\run
2025-07-25 14:09:07.750Z Clé registre critique modifiée : hku\s-1-5-21-1349940229-2857808021-1114501214-1000\software\microsoft\windows\currentversion\run\microsoftedgeautolaunch_210a883b8d48eb3d375dabca4a9010a2
2025-07-25 14:10:47.726Z Clé registre critique modifiée : hku\s-1-5-21-1349940229-2857808021-1114501214-1000\software\microsoft\windows\currentversion\run\watchdogauto
2025-07-25 14:10:47.728Z [⚠️] Valeur suspecte détectée : c:\users\mehdi\appdata\roaming\microsoft\windows\themes\watchdog.vbs
2025-07-25 14:10:47.730Z [!] Erreur suppression registre : [WinError 2] Le fichier spécifié est introuvable
2025-07-25 14:10:47.733Z [!] Impossible d'accéder au processus 6132 : process PID not found (pid=6132)
2025-07-25 14:10:47.735Z Clé registre critique modifiée : hku\s-1-5-21-1349940229-2857808021-1114501214-1000\software\microsoft\windows\currentversion\run\watchdogauto
2025-07-25 14:10:47.737Z [⚠️] Valeur suspecte détectée : c:\users\mehdi\appdata\roaming\microsoft\windows\themes\watchdog.vbs
2025-07-25 14:10:47.738Z [!] Erreur suppression registre : [WinError 2] Le fichier spécifié est introuvable
2025-07-25 14:10:47.744Z [!] Impossible d'accéder au processus 6132 : process PID not found (pid=6132)
2025-07-25 14:10:47.747Z Clé registre critique modifiée : hku\s-1-5-21-1349940229-2857808021-1114501214-1000\software\microsoft\windows\currentversion\run\watchdogauto
2025-07-25 14:10:47.750Z [⚠️] Valeur suspecte détectée : c:\users\mehdi\appdata\roaming\microsoft\windows\themes\watchdog.vbs
2025-07-25 14:10:47.752Z [!] Erreur suppression registre : [WinError 2] Le fichier spécifié est introuvable
2025-07-25 14:10:47.753Z [!] Impossible d'accéder au processus 6132 : process PID not found (pid=6132)
2025-07-25 14:10:47.756Z Clé registre critique modifiée : hku\s-1-5-21-1349940229-2857808021-1114501214-1000\software\microsoft\windows\currentversion\run\watchdogauto
2025-07-25 14:10:47.757Z [⚠️] Valeur suspecte détectée : c:\users\mehdi\appdata\roaming\microsoft\windows\themes\watchdog.vbs
2025-07-25 14:10:47.759Z [!] Erreur suppression registre : [WinError 2] Le fichier spécifié est introuvable
2025-07-25 14:10:47.762Z [!] Impossible d'accéder au processus 6132 : process PID not found (pid=6132)
2025-07-25 14:10:47.771Z Clé registre critique modifiée : hku\s-1-5-21-1349940229-2857808021-1114501214-1000\software\microsoft\windows\currentversion\run\watchdogauto
2025-07-25 14:10:47.783Z Clé registre critique modifiée : hku\s-1-5-21-1349940229-2857808021-1114501214-1000\software\microsoft\windows\currentversion\run\watchdogauto
2025-07-25 14:10:47.785Z [⚠️] Valeur suspecte détectée : c:\users\mehdi\appdata\roaming\microsoft\windows\themes\watchdog.vbs
2025-07-25 14:10:47.787Z [!] Erreur suppression registre : [WinError 2] Le fichier spécifié est introuvable
2025-07-25 14:10:47.788Z [!] Impossible d'accéder au processus 1152 : process PID not found (pid=1152)
2025-07-25 14:10:47.791Z Clé registre critique modifiée : hku\s-1-5-21-1349940229-2857808021-1114501214-1000\software\microsoft\windows\currentversion\run\watchdogauto
2025-07-25 14:10:47.792Z [⚠️] Valeur suspecte détectée : c:\users\mehdi\appdata\roaming\microsoft\windows\themes\watchdog.vbs
2025-07-25 14:10:47.794Z [!] Erreur suppression registre : [WinError 2] Le fichier spécifié est introuvable
2025-07-25 14:10:47.796Z [!] Impossible d'accéder au processus 1152 : process PID not found (pid=1152)
2025-07-25 14:10:47.802Z Clé registre critique modifiée : hku\s-1-5-21-1349940229-2857808021-1114501214-1000\software\microsoft\windows\currentversion\run\watchdogauto
2025-07-25 14:10:47.809Z [⚠️] Valeur suspecte détectée : c:\users\mehdi\appdata\roaming\microsoft\windows\themes\watchdog.vbs
2025-07-25 14:10:47.811Z [!] Erreur suppression registre : [WinError 2] Le fichier spécifié est introuvable
2025-07-25 14:10:47.813Z [!] Impossible d'accéder au processus 1152 : process PID not found (pid=1152)
2025-07-25 14:10:47.815Z Clé registre critique modifiée : hku\s-1-5-21-1349940229-2857808021-1114501214-1000\software\microsoft\windows\currentversion\run\watchdogauto
2025-07-25 14:10:47.845Z Clé registre critique modifiée : hku\s-1-5-21-1349940229-2857808021-1114501214-1000\software\microsoft\windows\currentversion\run
2025-07-25 14:10:48.124Z Clé registre critique modifiée : hku\s-1-5-21-1349940229-2857808021-1114501214-1000\software\microsoft\windows\currentversion\run\watchdogauto
2025-07-25 14:10:48.124Z [⚠️] Valeur suspecte détectée : c:\users\mehdi\appdata\roaming\microsoft\windows\themes\watchdog.vbs
2025-07-25 14:10:48.124Z [!] Erreur suppression registre : [WinError 2] Le fichier spécifié est introuvable
2025-07-25 14:10:48.140Z [!] Impossible d'accéder au processus 5128 : process PID not found (pid=5128)
2025-07-25 14:10:48.140Z Clé registre critique modifiée : hku\s-1-5-21-1349940229-2857808021-1114501214-1000\software\microsoft\windows\currentversion\run\watchdogauto
2025-07-25 14:10:48.619Z Clé registre critique modifiée : hku\s-1-5-21-1349940229-2857808021-1114501214-1000\software\microsoft\windows\currentversion\run
2025-07-25 14:10:48.621Z Clé registre critique modifiée : hku\s-1-5-21-1349940229-2857808021-1114501214-1000\software\microsoft\windows\currentversion\run\microsoftedgeautolaunch_210a883b8d48eb3d375dabca4a9010a2
2025-07-25 14:10:49.002Z Clé registre critique modifiée : hku\s-1-5-21-1349940229-2857808021-1114501214-1000\software\microsoft\windows\currentversion\run
2025-07-25 14:10:49.005Z Clé registre critique modifiée : hku\s-1-5-21-1349940229-2857808021-1114501214-1000\software\microsoft\windows\currentversion\run\microsoftedgeautolaunch_210a883b8d48eb3d375dabca4a9010a2
2025-07-25 14:16:16.284Z Clé registre critique modifiée : hku\s-1-5-21-1349940229-2857808021-1114501214-1000\software\microsoft\windows\currentversion\run\watchdogauto
2025-07-25 14:16:16.284Z [⚠️] Valeur suspecte détectée : c:\users\mehdi\appdata\roaming\microsoft\windows\themes\watchdog.vbs
2025-07-25 14:16:16.289Z [!] Erreur suppression registre : [WinError 2] Le fichier spécifié est introuvable
2025-07-25 14:16:16.291Z [!] Impossible d'accéder au processus 6132 : process PID not found (pid=6132)
2025-07-25 14:16:16.293Z Clé registre critique modifiée : hku\s-1-5-21-1349940229-2857808021-1114501214-1000\software\microsoft\windows\currentversion\run\watchdogauto
2025-07-25 14:16:16.294Z [⚠️] Valeur suspecte détectée : c:\users\mehdi\appdata\roaming\microsoft\windows\themes\watchdog.vbs
2025-07-25 14:16:16.296Z [!] Erreur suppression registre : [WinError 2] Le fichier spécifié est introuvable
2025-07-25 14:16:16.304Z [!] Impossible d'accéder au processus 6132 : process PID not found (pid=6132)
2025-07-25 14:16:16.305Z Clé registre critique modifiée : hku\s-1-5-21-1349940229-2857808021-1114501214-1000\software\microsoft\windows\currentversion\run\watchdogauto
2025-07-25 14:16:16.306Z [⚠️] Valeur suspecte détectée : c:\users\mehdi\appdata\roaming\microsoft\windows\themes\watchdog.vbs
2025-07-25 14:16:16.309Z [!] Erreur suppression registre : [WinError 2] Le fichier spécifié est introuvable
2025-07-25 14:16:16.310Z [!] Impossible d'accéder au processus 6132 : process PID not found (pid=6132)
2025-07-25 14:16:16.320Z Clé registre critique modifiée : hku\s-1-5-21-1349940229-2857808021-1114501214-1000\software\microsoft\windows\currentversion\run\watchdogauto
2025-07-25 14:16:16.321Z [⚠️] Valeur suspecte détectée : c:\users\mehdi\appdata\roaming\microsoft\windows\themes\watchdog.vbs
2025-07-25 14:16:16.323Z [!] Erreur suppression registre : [WinError 2] Le fichier spécifié est introuvable
2025-07-25 14:16:16.324Z [!] Impossible d'accéder au processus 6132 : process PID not found (pid=6132)
2025-07-25 14:16:16.325Z Clé registre critique modifiée : hku\s-1-5-21-1349940229-2857808021-1114501214-1000\software\microsoft\windows\currentversion\run\watchdogauto
2025-07-25 14:16:16.367Z Clé registre critique modifiée : hku\s-1-5-21-1349940229-2857808021-1114501214-1000\software\microsoft\windows\currentversion\run\watchdogauto
2025-07-25 14:16:16.367Z [⚠️] Valeur suspecte détectée : c:\users\mehdi\appdata\roaming\microsoft\windows\themes\watchdog.vbs
2025-07-25 14:16:16.373Z [!] Erreur suppression registre : [WinError 2] Le fichier spécifié est introuvable
2025-07-25 14:16:16.380Z [!] Impossible d'accéder au processus 1152 : process PID not found (pid=1152)
2025-07-25 14:16:16.384Z Clé registre critique modifiée : hku\s-1-5-21-1349940229-2857808021-1114501214-1000\software\microsoft\windows\currentversion\run\watchdogauto
2025-07-25 14:16:16.385Z [⚠️] Valeur suspecte détectée : c:\users\mehdi\appdata\roaming\microsoft\windows\themes\watchdog.vbs
2025-07-25 14:16:16.386Z [!] Erreur suppression registre : [WinError 2] Le fichier spécifié est introuvable
2025-07-25 14:16:16.387Z [!] Impossible d'accéder au processus 1152 : process PID not found (pid=1152)
2025-07-25 14:16:16.396Z Clé registre critique modifiée : hku\s-1-5-21-1349940229-2857808021-1114501214-1000\software\microsoft\windows\currentversion\run\watchdogauto
2025-07-25 14:16:16.398Z [⚠️] Valeur suspecte détectée : c:\users\mehdi\appdata\roaming\microsoft\windows\themes\watchdog.vbs
2025-07-25 14:16:16.400Z [!] Erreur suppression registre : [WinError 2] Le fichier spécifié est introuvable
2025-07-25 14:16:16.401Z [!] Impossible d'accéder au processus 1152 : process PID not found (pid=1152)
2025-07-25 14:16:16.403Z Clé registre critique modifiée : hku\s-1-5-21-1349940229-2857808021-1114501214-1000\software\microsoft\windows\currentversion\run\watchdogauto
2025-07-25 14:16:16.432Z Clé registre critique modifiée : hku\s-1-5-21-1349940229-2857808021-1114501214-1000\software\microsoft\windows\currentversion\run
2025-07-25 14:16:16.718Z Clé registre critique modifiée : hku\s-1-5-21-1349940229-2857808021-1114501214-1000\software\microsoft\windows\currentversion\run\watchdogauto
2025-07-25 14:16:16.718Z [⚠️] Valeur suspecte détectée : c:\users\mehdi\appdata\roaming\microsoft\windows\themes\watchdog.vbs
2025-07-25 14:16:16.718Z [!] Erreur suppression registre : [WinError 2] Le fichier spécifié est introuvable
2025-07-25 14:16:16.718Z [!] Impossible d'accéder au processus 5128 : process PID not found (pid=5128)
2025-07-25 14:16:16.718Z Clé registre critique modifiée : hku\s-1-5-21-1349940229-2857808021-1114501214-1000\software\microsoft\windows\currentversion\run\watchdogauto
2025-07-25 14:16:17.124Z Clé registre critique modifiée : hku\s-1-5-21-1349940229-2857808021-1114501214-1000\software\microsoft\windows\currentversion\run
2025-07-25 14:16:17.124Z Clé registre critique modifiée : hku\s-1-5-21-1349940229-2857808021-1114501214-1000\software\microsoft\windows\currentversion\run\microsoftedgeautolaunch_210a883b8d48eb3d375dabca4a9010a2
2025-07-25 14:16:17.421Z Clé registre critique modifiée : hku\s-1-5-21-1349940229-2857808021-1114501214-1000\software\microsoft\windows\currentversion\run
2025-07-25 14:16:17.421Z Clé registre critique modifiée : hku\s-1-5-21-1349940229-2857808021-1114501214-1000\software\microsoft\windows\currentversion\run\microsoftedgeautolaunch_210a883b8d48eb3d375dabca4a9010a2
